[debug] [2022-12-30T21:56:31.524Z] ----------------------------------------------------------------------
[debug] [2022-12-30T21:56:31.526Z] Command:       C:\Program Files\nodejs\node.exe C:\Users\teemo\AppData\Roaming\npm\node_modules\firebase-tools\lib\bin\firebase.js init
[debug] [2022-12-30T21:56:31.527Z] CLI Version:   11.14.4
[debug] [2022-12-30T21:56:31.527Z] Platform:      win32
[debug] [2022-12-30T21:56:31.527Z] Node Version:  v16.18.0
[debug] [2022-12-30T21:56:31.528Z] Time:          Fri Dec 30 2022 18:56:31 GMT-0300 (Horário Padrão de Brasília)
[debug] [2022-12-30T21:56:31.528Z] ----------------------------------------------------------------------
[debug] 
[debug] [2022-12-30T21:56:31.604Z] > command requires scopes: ["email","openid","https://www.googleapis.com/auth/cloudplatformprojects.readonly","https://www.googleapis.com/auth/firebase","https://www.googleapis.com/auth/cloud-platform"]
[debug] [2022-12-30T21:56:31.605Z] > authorizing via signed-in user (joeytafolla123@gmail.com)
[info] 
     ######## #### ########  ######## ########     ###     ######  ########
     ##        ##  ##     ## ##       ##     ##  ##   ##  ##       ##
     ######    ##  ########  ######   ########  #########  ######  ######
     ##        ##  ##    ##  ##       ##     ## ##     ##       ## ##
     ##       #### ##     ## ######## ########  ##     ##  ######  ########

You're about to initialize a Firebase project in this directory:

  C:\Users\teemo\source\fino-senhores

Before we get started, keep in mind:

  * You are initializing within an existing Firebase project directory

[info] 
=== Project Setup
[info] 
[info] First, let's associate this project directory with a Firebase project.
[info] You can create multiple project aliases by running firebase use --add, 
[info] but for now we'll just set up a default project.
[info] 
[debug] [2022-12-30T21:56:38.507Z] Using project from CLI flag: finosenhores-c7b1a
[debug] [2022-12-30T21:56:38.509Z] >>> [apiv2][query] GET https://firebase.googleapis.com/v1beta1/projects/finosenhores-c7b1a [none]
[debug] [2022-12-30T21:56:38.971Z] <<< [apiv2][status] GET https://firebase.googleapis.com/v1beta1/projects/finosenhores-c7b1a 200
[debug] [2022-12-30T21:56:38.971Z] <<< [apiv2][body] GET https://firebase.googleapis.com/v1beta1/projects/finosenhores-c7b1a {"projectId":"finosenhores-c7b1a","projectNumber":"312502087442","displayName":"finosenhores","name":"projects/finosenhores-c7b1a","resources":{"hostingSite":"finosenhores-c7b1a"},"state":"ACTIVE","etag":"1_64a0aa40-3321-40a7-a4ae-e4e684cc51b4"}
[info] i  Using project finosenhores-c7b1a (finosenhores) 
[info] 
=== Hosting Setup
[info] 
[info] Your public directory is the folder (relative to your project directory) that
[info] will contain Hosting assets to be uploaded with firebase deploy. If you
[info] have a build process for your assets, use your build's output directory.
[info] 
[debug] [2022-12-30T21:56:50.354Z] >>> [apiv2][query] GET https://www.gstatic.com/firebasejs/releases.json [none]
[debug] [2022-12-30T21:56:50.479Z] <<< [apiv2][status] GET https://www.gstatic.com/firebasejs/releases.json 200
[debug] [2022-12-30T21:56:50.479Z] <<< [apiv2][body] GET https://www.gstatic.com/firebasejs/releases.json {"current":{"version":"9.15.0","browserURL":"https://www.gstatic.com/firebasejs/9.15.0/firebase.js","packageURL":"https://www.gstatic.com/firebasejs/9.15.0/firebase.tgz"},"live":{"version":"9.15","browserURL":"https://www.gstatic.com/firebasejs/live/9.15/firebase.js","packageURL":"https://www.gstatic.com/firebasejs/live/9.15/firebase.tgz"},"components":{"analytics":"https://www.gstatic.com/firebasejs/9.15.0/firebase-analytics.js","app":"https://www.gstatic.com/firebasejs/9.15.0/firebase-app.js","app-check":"https://www.gstatic.com/firebasejs/9.15.0/firebase-app-check.js","auth":"https://www.gstatic.com/firebasejs/9.15.0/firebase-auth.js","auth/cordova":"https://www.gstatic.com/firebasejs/9.15.0/firebase-auth/cordova.js","auth/react-native":"https://www.gstatic.com/firebasejs/9.15.0/firebase-auth/react-native.js","functions":"https://www.gstatic.com/firebasejs/9.15.0/firebase-functions.js","firestore":"https://www.gstatic.com/firebasejs/9.15.0/firebase-firestore.js","firestore/lite":"https://www.gstatic.com/firebasejs/9.15.0/firebase-firestore/lite.js","installations":"https://www.gstatic.com/firebasejs/9.15.0/firebase-installations.js","storage":"https://www.gstatic.com/firebasejs/9.15.0/firebase-storage.js","performance":"https://www.gstatic.com/firebasejs/9.15.0/firebase-performance.js","remote-config":"https://www.gstatic.com/firebasejs/9.15.0/firebase-remote-config.js","messaging":"https://www.gstatic.com/firebasejs/9.15.0/firebase-messaging.js","messaging/sw":"https://www.gstatic.com/firebasejs/9.15.0/firebase-messaging/sw.js","database":"https://www.gstatic.com/firebasejs/9.15.0/firebase-database.js","firestore.memory":"https://www.gstatic.com/firebasejs/9.15.0/firebase-firestore.memory.js"}}
[info] +  Wrote build/index.html 
[info] 
[info] i  Detected a .git folder at C:\Users\teemo 
[info] i  Authorizing with GitHub to upload your service account to a GitHub repository's secrets store. 
[info] 
[info] Visit this URL on this device to log in:
[info] https://github.com/login/oauth/authorize?client_id=89cf50f02ac6aaed3484&state=362950369&redirect_uri=http%3A%2F%2Flocalhost%3A9005&scope=read%3Auser%20repo%20public_repo
[info] 
[info] Waiting for authentication...
[debug] [2022-12-30T21:56:51.936Z] >>> [apiv2][query] POST https://github.com/login/oauth/access_token [none]
[debug] [2022-12-30T21:56:51.937Z] >>> [apiv2][body] POST https://github.com/login/oauth/access_token [stream]
[debug] [2022-12-30T21:56:52.261Z] <<< [apiv2][status] POST https://github.com/login/oauth/access_token 200
[debug] [2022-12-30T21:56:52.262Z] <<< [apiv2][body] POST https://github.com/login/oauth/access_token {"access_token":"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","token_type":"bearer","scope":"read:user,repo"}
[debug] [2022-12-30T21:56:52.271Z] >>> [apiv2][query] GET https://api.github.com/user [none]
[debug] [2022-12-30T21:56:52.640Z] <<< [apiv2][status] GET https://api.github.com/user 200
[debug] [2022-12-30T21:56:52.640Z] <<< [apiv2][body] GET https://api.github.com/user {"login":"AdrianZapico","id":72219762,"node_id":"MDQ6VXNlcjcyMjE5NzYy","avatar_url":"https://avatars.githubusercontent.com/u/72219762?v=4","gravatar_id":"","url":"https://api.github.com/users/AdrianZapico","html_url":"https://github.com/AdrianZapico","followers_url":"https://api.github.com/users/AdrianZapico/followers","following_url":"https://api.github.com/users/AdrianZapico/following{/other_user}","gists_url":"https://api.github.com/users/AdrianZapico/gists{/gist_id}","starred_url":"https://api.github.com/users/AdrianZapico/starred{/owner}{/repo}","subscriptions_url":"https://api.github.com/users/AdrianZapico/subscriptions","organizations_url":"https://api.github.com/users/AdrianZapico/orgs","repos_url":"https://api.github.com/users/AdrianZapico/repos","events_url":"https://api.github.com/users/AdrianZapico/events{/privacy}","received_events_url":"https://api.github.com/users/AdrianZapico/received_events","type":"User","site_admin":false,"name":"Adrian Zapico","company":null,"blog":"","location":"Sabará-MG","email":null,"hireable":null,"bio":"Hello there, </:D>!","twitter_username":null,"public_repos":19,"public_gists":0,"followers":2,"following":3,"created_at":"2020-10-01T16:54:21Z","updated_at":"2022-10-12T06:18:05Z","private_gists":0,"total_private_repos":1,"owned_private_repos":1,"disk_usage":121446,"collaborators":0,"two_factor_authentication":false,"plan":{"name":"free","space":976562499,"collaborators":0,"private_repos":10000}}
[info] 
[info] +  Success! Logged into GitHub as AdrianZapico 
[info] 
[debug] [2022-12-30T21:57:04.809Z] >>> [apiv2][query] GET https://api.github.com/repos/y/actions/secrets/public-key type=owner
[debug] [2022-12-30T21:57:05.081Z] <<< [apiv2][status] GET https://api.github.com/repos/y/actions/secrets/public-key 404
[debug] [2022-12-30T21:57:05.082Z] <<< [apiv2][body] GET https://api.github.com/repos/y/actions/secrets/public-key {"message":"Not Found","documentation_url":"https://docs.github.com/rest"}
